Copyright 1986-2016 Xilinx, Inc. All Rights Reserved.
---------------------------------------------------------------------------------------------------------------------
| Tool Version : Vivado v.2016.2 (lin64) Build 1577090 Thu Jun  2 16:32:35 MDT 2016
| Date         : Tue Apr  4 16:02:23 2017
| Host         : spikepig.dhcp.lbl.gov running 64-bit CentOS Linux release 7.2.1511 (Core)
| Command      : report_utilization -file mig_7series_0_utilization_synth.rpt -pb mig_7series_0_utilization_synth.pb
| Design       : mig_7series_0
| Device       : 7k160tfbg676-2
| Design State : Synthesized
---------------------------------------------------------------------------------------------------------------------

Utilization Design Information

Table of Contents
-----------------
1. Slice Logic
1.1 Summary of Registers by Type
2. Memory
3. DSP
4. IO and GT Specific
5. Clocking
6. Specific Feature
7. Primitives
8. Black Boxes
9. Instantiated Netlists

1. Slice Logic
--------------

+----------------------------+------+-------+-----------+-------+
|          Site Type         | Used | Fixed | Available | Util% |
+----------------------------+------+-------+-----------+-------+
| Slice LUTs*                | 8619 |     0 |    101400 |  8.50 |
|   LUT as Logic             | 7408 |     0 |    101400 |  7.31 |
|   LUT as Memory            | 1211 |     0 |     35000 |  3.46 |
|     LUT as Distributed RAM | 1192 |     0 |           |       |
|     LUT as Shift Register  |   19 |     0 |           |       |
| Slice Registers            | 5487 |     0 |    202800 |  2.71 |
|   Register as Flip Flop    | 5487 |     0 |    202800 |  2.71 |
|   Register as Latch        |    0 |     0 |    202800 |  0.00 |
| F7 Muxes                   |  160 |     0 |     50700 |  0.32 |
| F8 Muxes                   |    0 |     0 |     25350 |  0.00 |
+----------------------------+------+-------+-----------+-------+
* Warning! The Final LUT count, after physical optimizations and full implementation, is typically lower. Run opt_design after synthesis, if not already completed, for a more realistic count.


1.1 Summary of Registers by Type
--------------------------------

+-------+--------------+-------------+--------------+
| Total | Clock Enable | Synchronous | Asynchronous |
+-------+--------------+-------------+--------------+
| 0     |            _ |           - |            - |
| 0     |            _ |           - |          Set |
| 0     |            _ |           - |        Reset |
| 0     |            _ |         Set |            - |
| 0     |            _ |       Reset |            - |
| 0     |          Yes |           - |            - |
| 84    |          Yes |           - |          Set |
| 4     |          Yes |           - |        Reset |
| 186   |          Yes |         Set |            - |
| 5213  |          Yes |       Reset |            - |
+-------+--------------+-------------+--------------+


2. Memory
---------

+----------------+------+-------+-----------+-------+
|    Site Type   | Used | Fixed | Available | Util% |
+----------------+------+-------+-----------+-------+
| Block RAM Tile |    0 |     0 |       325 |  0.00 |
|   RAMB36/FIFO* |    0 |     0 |       325 |  0.00 |
|   RAMB18       |    0 |     0 |       650 |  0.00 |
+----------------+------+-------+-----------+-------+
* Note: Each Block RAM Tile only has one FIFO logic available and therefore can accommodate only one FIFO36E1 or one FIFO18E1. However, if a FIFO18E1 occupies a Block RAM Tile, that tile can still accommodate a RAMB18E1


3. DSP
------

+-----------+------+-------+-----------+-------+
| Site Type | Used | Fixed | Available | Util% |
+-----------+------+-------+-----------+-------+
| DSPs      |    0 |     0 |       600 |  0.00 |
+-----------+------+-------+-----------+-------+


4. IO and GT Specific
---------------------

+-----------------------------+------+-------+-----------+-------+
|          Site Type          | Used | Fixed | Available | Util% |
+-----------------------------+------+-------+-----------+-------+
| Bonded IOB                  |  105 |   105 |       400 | 26.25 |
|   IOB Master Pads           |   53 |       |           |       |
|   IOB Slave Pads            |   52 |       |           |       |
| Bonded IPADs                |    0 |     0 |        26 |  0.00 |
| Bonded OPADs                |    0 |     0 |        16 |  0.00 |
| PHY_CONTROL                 |    3 |     3 |         8 | 37.50 |
| PHASER_REF                  |    3 |     3 |         8 | 37.50 |
| OUT_FIFO                    |   11 |    11 |        32 | 34.38 |
| IN_FIFO                     |    8 |     8 |        32 | 25.00 |
| IDELAYCTRL                  |    1 |     0 |         8 | 12.50 |
| IBUFDS                      |    0 |     0 |       384 |  0.00 |
| GTXE2_COMMON                |    0 |     0 |         2 |  0.00 |
| GTXE2_CHANNEL               |    0 |     0 |         8 |  0.00 |
| PHASER_OUT/PHASER_OUT_PHY   |   11 |    11 |        32 | 34.38 |
|   PHASER_OUT_PHY only       |   11 |    11 |           |       |
| PHASER_IN/PHASER_IN_PHY     |    8 |     8 |        32 | 25.00 |
|   PHASER_IN_PHY only        |    8 |     8 |           |       |
| IDELAYE2/IDELAYE2_FINEDELAY |   64 |    64 |       400 | 16.00 |
|   IDELAYE2 only             |   64 |    64 |           |       |
| ODELAYE2/ODELAYE2_FINEDELAY |    0 |     0 |       150 |  0.00 |
| IBUFDS_GTE2                 |    0 |     0 |         4 |  0.00 |
| ILOGIC                      |   72 |    72 |       400 | 18.00 |
|   IFF_IDDR_Register         |    8 |     8 |           |       |
|   ISERDES                   |   64 |    64 |           |       |
| OLOGIC                      |  103 |   103 |       400 | 25.75 |
|   OUTFF_ODDR_Register       |    9 |     9 |           |       |
|   TFF_ODDR_Register         |    8 |     8 |           |       |
|   OSERDES                   |   94 |    94 |           |       |
+-----------------------------+------+-------+-----------+-------+


5. Clocking
-----------

+------------+------+-------+-----------+-------+
|  Site Type | Used | Fixed | Available | Util% |
+------------+------+-------+-----------+-------+
| BUFGCTRL   |    3 |     0 |        32 |  9.38 |
| BUFIO      |    0 |     0 |        32 |  0.00 |
| MMCME2_ADV |    1 |     1 |         8 | 12.50 |
| PLLE2_ADV  |    1 |     1 |         8 | 12.50 |
| BUFMRCE    |    0 |     0 |        16 |  0.00 |
| BUFHCE     |    1 |     0 |       120 |  0.83 |
| BUFR       |    0 |     0 |        32 |  0.00 |
+------------+------+-------+-----------+-------+


6. Specific Feature
-------------------

+-------------+------+-------+-----------+--------+
|  Site Type  | Used | Fixed | Available |  Util% |
+-------------+------+-------+-----------+--------+
| BSCANE2     |    0 |     0 |         4 |   0.00 |
| CAPTUREE2   |    0 |     0 |         1 |   0.00 |
| DNA_PORT    |    0 |     0 |         1 |   0.00 |
| EFUSE_USR   |    0 |     0 |         1 |   0.00 |
| FRAME_ECCE2 |    0 |     0 |         1 |   0.00 |
| ICAPE2      |    0 |     0 |         2 |   0.00 |
| PCIE_2_1    |    0 |     0 |         1 |   0.00 |
| STARTUPE2   |    0 |     0 |         1 |   0.00 |
| XADC        |    1 |     0 |         1 | 100.00 |
+-------------+------+-------+-----------+--------+


7. Primitives
-------------

+------------------------+------+---------------------+
|        Ref Name        | Used | Functional Category |
+------------------------+------+---------------------+
| FDRE                   | 5213 |        Flop & Latch |
| LUT6                   | 2204 |                 LUT |
| LUT3                   | 1799 |                 LUT |
| RAMD32                 | 1788 |  Distributed Memory |
| LUT5                   | 1380 |                 LUT |
| LUT2                   | 1119 |                 LUT |
| LUT4                   | 1112 |                 LUT |
| RAMS32                 |  596 |  Distributed Memory |
| LUT1                   |  350 |                 LUT |
| CARRY4                 |  208 |          CarryLogic |
| FDSE                   |  186 |        Flop & Latch |
| MUXF7                  |  160 |               MuxFx |
| OSERDESE2              |   94 |                  IO |
| FDPE                   |   84 |        Flop & Latch |
| OBUFT                  |   64 |                  IO |
| ISERDESE2              |   64 |                  IO |
| IDELAYE2               |   64 |                  IO |
| IBUF                   |   64 |                  IO |
| OBUF                   |   23 |                  IO |
| SRL16E                 |   19 |  Distributed Memory |
| ODDR                   |   17 |                  IO |
| OBUFTDS_DCIEN          |   16 |                  IO |
| IBUFDS_IBUFDISABLE_INT |   16 |                  IO |
| PHASER_OUT_PHY         |   11 |                  IO |
| OUT_FIFO               |   11 |                  IO |
| INV                    |    9 |                 LUT |
| PHASER_IN_PHY          |    8 |                  IO |
| IN_FIFO                |    8 |                  IO |
| IDDR                   |    8 |                  IO |
| FDCE                   |    4 |        Flop & Latch |
| PHY_CONTROL            |    3 |                  IO |
| PHASER_REF             |    3 |                  IO |
| BUFG                   |    3 |               Clock |
| OBUFDS                 |    2 |                  IO |
| XADC                   |    1 |              Others |
| PLLE2_ADV              |    1 |               Clock |
| MMCME2_ADV             |    1 |               Clock |
| IDELAYCTRL             |    1 |                  IO |
| BUFH                   |    1 |               Clock |
+------------------------+------+---------------------+


8. Black Boxes
--------------

+----------+------+
| Ref Name | Used |
+----------+------+


9. Instantiated Netlists
------------------------

+----------+------+
| Ref Name | Used |
+----------+------+


