Copyright 1986-2016 Xilinx, Inc. All Rights Reserved.
-----------------------------------------------------------------------------------------------------------------------
| Tool Version : Vivado v.2016.2 (lin64) Build 1577090 Thu Jun  2 16:32:35 MDT 2016
| Date         : Wed Oct 12 17:58:04 2016
| Host         : spikepig.dhcp.lbl.gov running 64-bit CentOS Linux release 7.2.1511 (Core)
| Command      : report_utilization -file simple_pci_top_utilization_synth.rpt -pb simple_pci_top_utilization_synth.pb
| Design       : simple_pci_top
| Device       : 7k160tfbg676-2
| Design State : Synthesized
-----------------------------------------------------------------------------------------------------------------------

Utilization Design Information

Table of Contents
-----------------
1. Slice Logic
1.1 Summary of Registers by Type
2. Memory
3. DSP
4. IO and GT Specific
5. Clocking
6. Specific Feature
7. Primitives
8. Black Boxes
9. Instantiated Netlists

1. Slice Logic
--------------

+----------------------------+-------+-------+-----------+-------+
|          Site Type         |  Used | Fixed | Available | Util% |
+----------------------------+-------+-------+-----------+-------+
| Slice LUTs*                | 32056 |     0 |    101400 | 31.61 |
|   LUT as Logic             | 31976 |     0 |    101400 | 31.53 |
|   LUT as Memory            |    80 |     0 |     35000 |  0.23 |
|     LUT as Distributed RAM |    52 |     0 |           |       |
|     LUT as Shift Register  |    28 |     0 |           |       |
| Slice Registers            | 23566 |     0 |    202800 | 11.62 |
|   Register as Flip Flop    | 23566 |     0 |    202800 | 11.62 |
|   Register as Latch        |     0 |     0 |    202800 |  0.00 |
| F7 Muxes                   |   290 |     0 |     50700 |  0.57 |
| F8 Muxes                   |   105 |     0 |     25350 |  0.41 |
+----------------------------+-------+-------+-----------+-------+
* Warning! The Final LUT count, after physical optimizations and full implementation, is typically lower. Run opt_design after synthesis, if not already completed, for a more realistic count.


1.1 Summary of Registers by Type
--------------------------------

+-------+--------------+-------------+--------------+
| Total | Clock Enable | Synchronous | Asynchronous |
+-------+--------------+-------------+--------------+
| 0     |            _ |           - |            - |
| 0     |            _ |           - |          Set |
| 0     |            _ |           - |        Reset |
| 0     |            _ |         Set |            - |
| 0     |            _ |       Reset |            - |
| 0     |          Yes |           - |            - |
| 148   |          Yes |           - |          Set |
| 19511 |          Yes |           - |        Reset |
| 74    |          Yes |         Set |            - |
| 3833  |          Yes |       Reset |            - |
+-------+--------------+-------------+--------------+


2. Memory
---------

+-------------------+------+-------+-----------+-------+
|     Site Type     | Used | Fixed | Available | Util% |
+-------------------+------+-------+-----------+-------+
| Block RAM Tile    | 20.5 |     0 |       325 |  6.31 |
|   RAMB36/FIFO*    |   20 |     0 |       325 |  6.15 |
|     RAMB36E1 only |   20 |       |           |       |
|   RAMB18          |    1 |     0 |       650 |  0.15 |
|     RAMB18E1 only |    1 |       |           |       |
+-------------------+------+-------+-----------+-------+
* Note: Each Block RAM Tile only has one FIFO logic available and therefore can accommodate only one FIFO36E1 or one FIFO18E1. However, if a FIFO18E1 occupies a Block RAM Tile, that tile can still accommodate a RAMB18E1


3. DSP
------

+-----------+------+-------+-----------+-------+
| Site Type | Used | Fixed | Available | Util% |
+-----------+------+-------+-----------+-------+
| DSPs      |    0 |     0 |       600 |  0.00 |
+-----------+------+-------+-----------+-------+


4. IO and GT Specific
---------------------

+-----------------------------+------+-------+-----------+-------+
|          Site Type          | Used | Fixed | Available | Util% |
+-----------------------------+------+-------+-----------+-------+
| Bonded IOB                  |   12 |     0 |       400 |  3.00 |
| Bonded IPADs                |   10 |     0 |        26 | 38.46 |
| Bonded OPADs                |    8 |     0 |        16 | 50.00 |
| PHY_CONTROL                 |    0 |     0 |         8 |  0.00 |
| PHASER_REF                  |    0 |     0 |         8 |  0.00 |
| OUT_FIFO                    |    0 |     0 |        32 |  0.00 |
| IN_FIFO                     |    0 |     0 |        32 |  0.00 |
| IDELAYCTRL                  |    0 |     0 |         8 |  0.00 |
| IBUFDS                      |    0 |     0 |       384 |  0.00 |
| GTXE2_COMMON                |    1 |     0 |         2 | 50.00 |
| GTXE2_CHANNEL               |    4 |     0 |         8 | 50.00 |
| PHASER_OUT/PHASER_OUT_PHY   |    0 |     0 |        32 |  0.00 |
| PHASER_IN/PHASER_IN_PHY     |    0 |     0 |        32 |  0.00 |
| IDELAYE2/IDELAYE2_FINEDELAY |    0 |     0 |       400 |  0.00 |
| ODELAYE2/ODELAYE2_FINEDELAY |    0 |     0 |       150 |  0.00 |
| IBUFDS_GTE2                 |    1 |     0 |         4 | 25.00 |
| ILOGIC                      |    0 |     0 |       400 |  0.00 |
| OLOGIC                      |    0 |     0 |       400 |  0.00 |
+-----------------------------+------+-------+-----------+-------+


5. Clocking
-----------

+------------+------+-------+-----------+-------+
|  Site Type | Used | Fixed | Available | Util% |
+------------+------+-------+-----------+-------+
| BUFGCTRL   |    6 |     0 |        32 | 18.75 |
| BUFIO      |    0 |     0 |        32 |  0.00 |
| MMCME2_ADV |    1 |     0 |         8 | 12.50 |
| PLLE2_ADV  |    0 |     0 |         8 |  0.00 |
| BUFMRCE    |    0 |     0 |        16 |  0.00 |
| BUFHCE     |    0 |     0 |       120 |  0.00 |
| BUFR       |    0 |     0 |        32 |  0.00 |
+------------+------+-------+-----------+-------+


6. Specific Feature
-------------------

+-------------+------+-------+-----------+--------+
|  Site Type  | Used | Fixed | Available |  Util% |
+-------------+------+-------+-----------+--------+
| BSCANE2     |    0 |     0 |         4 |   0.00 |
| CAPTUREE2   |    0 |     0 |         1 |   0.00 |
| DNA_PORT    |    0 |     0 |         1 |   0.00 |
| EFUSE_USR   |    0 |     0 |         1 |   0.00 |
| FRAME_ECCE2 |    0 |     0 |         1 |   0.00 |
| ICAPE2      |    0 |     0 |         2 |   0.00 |
| PCIE_2_1    |    1 |     0 |         1 | 100.00 |
| STARTUPE2   |    0 |     0 |         1 |   0.00 |
| XADC        |    0 |     0 |         1 |   0.00 |
+-------------+------+-------+-----------+--------+


7. Primitives
-------------

+---------------+-------+----------------------+
|    Ref Name   |  Used |  Functional Category |
+---------------+-------+----------------------+
| FDCE          | 19511 |         Flop & Latch |
| LUT6          | 15972 |                  LUT |
| LUT2          |  6738 |                  LUT |
| LUT3          |  5212 |                  LUT |
| LUT5          |  5157 |                  LUT |
| LUT4          |  4786 |                  LUT |
| FDRE          |  3833 |         Flop & Latch |
| CARRY4        |  1391 |           CarryLogic |
| LUT1          |   429 |                  LUT |
| MUXF7         |   290 |                MuxFx |
| FDPE          |   148 |         Flop & Latch |
| MUXF8         |   105 |                MuxFx |
| RAMD32        |    78 |   Distributed Memory |
| FDSE          |    74 |         Flop & Latch |
| SRLC32E       |    28 |   Distributed Memory |
| RAMS32        |    26 |   Distributed Memory |
| RAMB36E1      |    20 |         Block Memory |
| IBUF          |    16 |                   IO |
| OBUF          |    14 |                   IO |
| BUFG          |     5 |                Clock |
| GTXE2_CHANNEL |     4 |                   IO |
| RAMB18E1      |     1 |         Block Memory |
| PCIE_2_1      |     1 | Specialized Resource |
| MMCME2_ADV    |     1 |                Clock |
| IBUFDS_GTE2   |     1 |                   IO |
| GTXE2_COMMON  |     1 |                   IO |
| BUFGCTRL      |     1 |                Clock |
+---------------+-------+----------------------+


8. Black Boxes
--------------

+----------+------+
| Ref Name | Used |
+----------+------+
| ila_0    |    2 |
+----------+------+


9. Instantiated Netlists
------------------------

+----------+------+
| Ref Name | Used |
+----------+------+


